<?xml version="1.0" encoding="UTF-8"?>
<robot generator="Robot 6.1.1 (Python 3.12.0 on darwin)" generated="20231103 19:10:07.884" rpa="false" schemaversion="4">
<suite id="s1" name="InstagramRobot" source="/Users/macbook/IdeaProjects/InstagramRobot">
<suite id="s1-s1" name="Tests" source="/Users/macbook/IdeaProjects/InstagramRobot/tests">
<suite id="s1-s1-s1" name="InstagramTests" source="/Users/macbook/IdeaProjects/InstagramRobot/tests/InstagramTests.robot">
<test id="s1-s1-s1-t1" name="Se connecter à Instagram avec succès" line="12">
<kw name="Aller sur la page Instagram" library="InstagramPage" type="SETUP">
<kw name="Open Browser" library="SeleniumLibrary">
<arg>${Datas.UrlInsta}</arg>
<arg>chrome</arg>
<doc>Opens a new browser instance to the optional ``url``.</doc>
<msg timestamp="20231103 19:10:08.046" level="INFO">Opening browser 'chrome' to base url 'https://www.instagram.com/accounts/login/?hl=fr'.</msg>
<status status="PASS" starttime="20231103 19:10:08.046" endtime="20231103 19:10:10.660"/>
</kw>
<kw name="Maximize Browser Window" library="SeleniumLibrary">
<doc>Maximizes current browser window.</doc>
<status status="PASS" starttime="20231103 19:10:10.661" endtime="20231103 19:10:11.137"/>
</kw>
<kw name="Set Selenium Implicit Wait" library="SeleniumLibrary">
<arg>15s</arg>
<doc>Sets the implicit wait value used by Selenium.</doc>
<status status="PASS" starttime="20231103 19:10:11.137" endtime="20231103 19:10:11.139"/>
</kw>
<kw name="Click Element" library="SeleniumLibrary">
<arg>${PLocaters.AccepterCookies}</arg>
<doc>Click the element identified by ``locator``.</doc>
<msg timestamp="20231103 19:10:11.140" level="INFO">Clicking element 'xpath=//button[text()='Autoriser tous les cookies']'.</msg>
<status status="PASS" starttime="20231103 19:10:11.139" endtime="20231103 19:10:11.235"/>
</kw>
<status status="PASS" starttime="20231103 19:10:08.045" endtime="20231103 19:10:11.235"/>
</kw>
<kw name="Vérifier Que Vous etes Sur La Page Instagram" library="InstagramPage">
<kw name="Element Should Contain" library="SeleniumLibrary">
<arg>${PLocaters.btnSeconnectterFace}</arg>
<arg>${Datas.expectedTextSeConnecterFace}</arg>
<doc>Verifies that element ``locator`` contains text ``expected``.</doc>
<msg timestamp="20231103 19:10:11.255" level="INFO">Element 'css=._ab37' contains text 'Se connecter avec Facebook'.</msg>
<status status="PASS" starttime="20231103 19:10:11.236" endtime="20231103 19:10:11.256"/>
</kw>
<kw name="Element Should Contain" library="SeleniumLibrary">
<arg>${PLocaters.btnInscription}</arg>
<arg>${Datas.expectedTextInscription}</arg>
<doc>Verifies that element ``locator`` contains text ``expected``.</doc>
<msg timestamp="20231103 19:10:11.273" level="INFO">Element 'css=._aacl._aaco._aacw._aad0._aad7' contains text 'Inscrivez-vous'.</msg>
<status status="PASS" starttime="20231103 19:10:11.256" endtime="20231103 19:10:11.273"/>
</kw>
<status status="PASS" starttime="20231103 19:10:11.235" endtime="20231103 19:10:11.273"/>
</kw>
<kw name="Entrer le nom d'utilisateur et le mot de passe" library="InstagramPage">
<kw name="Input Text" library="SeleniumLibrary">
<arg>${PLocaters.placeNomDeUtilasateur}</arg>
<arg>${Datas.Email}</arg>
<doc>Types the given ``text`` into the text field identified by ``locator``.</doc>
<msg timestamp="20231103 19:10:11.274" level="INFO">Typing text 'playhakanqa@outlook.com' into text field 'css=input[name='username']'.</msg>
<status status="PASS" starttime="20231103 19:10:11.273" endtime="20231103 19:10:11.502"/>
</kw>
<kw name="Input Text" library="SeleniumLibrary">
<arg>${Plocaters.placePassword}</arg>
<arg>${Datas.Password}</arg>
<doc>Types the given ``text`` into the text field identified by ``locator``.</doc>
<msg timestamp="20231103 19:10:11.503" level="INFO">Typing text 'PayLead' into text field 'css=input[name='password']'.</msg>
<status status="PASS" starttime="20231103 19:10:11.502" endtime="20231103 19:10:11.578"/>
</kw>
<kw name="Sleep" library="BuiltIn">
<arg>1s</arg>
<doc>Pauses the test executed for the given time.</doc>
<msg timestamp="20231103 19:10:12.580" level="INFO">Slept 1 second</msg>
<status status="PASS" starttime="20231103 19:10:11.578" endtime="20231103 19:10:12.580"/>
</kw>
<kw name="Click Element" library="SeleniumLibrary">
<arg>${PLocaters.btnSeconnectter}</arg>
<doc>Click the element identified by ``locator``.</doc>
<msg timestamp="20231103 19:10:12.581" level="INFO">Clicking element 'xpath=//button[@type='submit']'.</msg>
<status status="PASS" starttime="20231103 19:10:12.580" endtime="20231103 19:10:13.197"/>
</kw>
<status status="PASS" starttime="20231103 19:10:11.273" endtime="20231103 19:10:13.197"/>
</kw>
<kw name="Vérifier avec succès que la page Instagram a été connectée" library="InstagramPage">
<kw name="Element Should Contain" library="SeleniumLibrary">
<arg>${Plocaters.btnAccueil}</arg>
<arg>Accueil</arg>
<doc>Verifies that element ``locator`` contains text ``expected``.</doc>
<msg timestamp="20231103 19:10:18.415" level="INFO">Element 'xpath=//span[contains(text(),'Accueil')]' contains text 'Accueil'.</msg>
<status status="PASS" starttime="20231103 19:10:13.198" endtime="20231103 19:10:18.415"/>
</kw>
<status status="PASS" starttime="20231103 19:10:13.197" endtime="20231103 19:10:18.415"/>
</kw>
<kw name="Close Browser" library="SeleniumLibrary" type="TEARDOWN">
<doc>Closes the current browser.</doc>
<status status="PASS" starttime="20231103 19:10:18.415" endtime="20231103 19:10:18.514"/>
</kw>
<status status="PASS" starttime="20231103 19:10:08.045" endtime="20231103 19:10:18.514"/>
</test>
<test id="s1-s1-s1-t2" name="Se connecter à Instagram mot de passe invalide" line="17">
<kw name="Aller sur la page Instagram" library="InstagramPage" type="SETUP">
<kw name="Open Browser" library="SeleniumLibrary">
<arg>${Datas.UrlInsta}</arg>
<arg>chrome</arg>
<doc>Opens a new browser instance to the optional ``url``.</doc>
<msg timestamp="20231103 19:10:18.516" level="INFO">Opening browser 'chrome' to base url 'https://www.instagram.com/accounts/login/?hl=fr'.</msg>
<status status="PASS" starttime="20231103 19:10:18.516" endtime="20231103 19:10:20.933"/>
</kw>
<kw name="Maximize Browser Window" library="SeleniumLibrary">
<doc>Maximizes current browser window.</doc>
<status status="PASS" starttime="20231103 19:10:20.933" endtime="20231103 19:10:21.532"/>
</kw>
<kw name="Set Selenium Implicit Wait" library="SeleniumLibrary">
<arg>15s</arg>
<doc>Sets the implicit wait value used by Selenium.</doc>
<status status="PASS" starttime="20231103 19:10:21.533" endtime="20231103 19:10:21.534"/>
</kw>
<kw name="Click Element" library="SeleniumLibrary">
<arg>${PLocaters.AccepterCookies}</arg>
<doc>Click the element identified by ``locator``.</doc>
<msg timestamp="20231103 19:10:21.535" level="INFO">Clicking element 'xpath=//button[text()='Autoriser tous les cookies']'.</msg>
<status status="PASS" starttime="20231103 19:10:21.534" endtime="20231103 19:10:21.814"/>
</kw>
<status status="PASS" starttime="20231103 19:10:18.515" endtime="20231103 19:10:21.814"/>
</kw>
<kw name="Vérifier Que Vous etes Sur La Page Instagram" library="InstagramPage">
<kw name="Element Should Contain" library="SeleniumLibrary">
<arg>${PLocaters.btnSeconnectterFace}</arg>
<arg>${Datas.expectedTextSeConnecterFace}</arg>
<doc>Verifies that element ``locator`` contains text ``expected``.</doc>
<msg timestamp="20231103 19:10:21.835" level="INFO">Element 'css=._ab37' contains text 'Se connecter avec Facebook'.</msg>
<status status="PASS" starttime="20231103 19:10:21.815" endtime="20231103 19:10:21.835"/>
</kw>
<kw name="Element Should Contain" library="SeleniumLibrary">
<arg>${PLocaters.btnInscription}</arg>
<arg>${Datas.expectedTextInscription}</arg>
<doc>Verifies that element ``locator`` contains text ``expected``.</doc>
<msg timestamp="20231103 19:10:21.851" level="INFO">Element 'css=._aacl._aaco._aacw._aad0._aad7' contains text 'Inscrivez-vous'.</msg>
<status status="PASS" starttime="20231103 19:10:21.835" endtime="20231103 19:10:21.851"/>
</kw>
<status status="PASS" starttime="20231103 19:10:21.814" endtime="20231103 19:10:21.852"/>
</kw>
<kw name="Entrer le dot de passe invalide" library="InstagramPage">
<kw name="Input Text" library="SeleniumLibrary">
<arg>${PLocaters.placeNomDeUtilasateur}</arg>
<arg>${Datas.Email}</arg>
<doc>Types the given ``text`` into the text field identified by ``locator``.</doc>
<msg timestamp="20231103 19:10:21.853" level="INFO">Typing text 'playhakanqa@outlook.com' into text field 'css=input[name='username']'.</msg>
<status status="PASS" starttime="20231103 19:10:21.852" endtime="20231103 19:10:22.050"/>
</kw>
<kw name="Input Text" library="SeleniumLibrary">
<arg>${Plocaters.placePassword}</arg>
<arg>${Datas.invalidPassword}</arg>
<doc>Types the given ``text`` into the text field identified by ``locator``.</doc>
<msg timestamp="20231103 19:10:22.051" level="INFO">Typing text '578687rsfs' into text field 'css=input[name='password']'.</msg>
<status status="PASS" starttime="20231103 19:10:22.050" endtime="20231103 19:10:22.136"/>
</kw>
<kw name="Sleep" library="BuiltIn">
<arg>2s</arg>
<doc>Pauses the test executed for the given time.</doc>
<msg timestamp="20231103 19:10:24.138" level="INFO">Slept 2 seconds</msg>
<status status="PASS" starttime="20231103 19:10:22.136" endtime="20231103 19:10:24.138"/>
</kw>
<kw name="Click Element" library="SeleniumLibrary">
<arg>${PLocaters.btnSeconnectter}</arg>
<doc>Click the element identified by ``locator``.</doc>
<msg timestamp="20231103 19:10:24.139" level="INFO">Clicking element 'xpath=//button[@type='submit']'.</msg>
<status status="PASS" starttime="20231103 19:10:24.138" endtime="20231103 19:10:24.197"/>
</kw>
<status status="PASS" starttime="20231103 19:10:21.852" endtime="20231103 19:10:24.197"/>
</kw>
<kw name="Vérifier le message d'erreur pour le mot de passe" library="InstagramPage">
<kw name="Get Text" library="SeleniumLibrary">
<var>${actual_textIncorrectPassword}</var>
<arg>${PLocaters.MessageMotDePasseIncorrect}</arg>
<doc>Returns the text value of the element identified by ``locator``.</doc>
<msg timestamp="20231103 19:10:25.473" level="INFO">${actual_textIncorrectPassword} = Votre mot de passe est incorrect. Veuillez le vérifier.</msg>
<status status="PASS" starttime="20231103 19:10:24.197" endtime="20231103 19:10:25.473"/>
</kw>
<kw name="Should Be Equal" library="BuiltIn">
<arg>${actual_textIncorrectPassword}</arg>
<arg>${Datas.expectedTextPourIncorrectPassword}</arg>
<doc>Fails if the given objects are unequal.</doc>
<status status="PASS" starttime="20231103 19:10:25.474" endtime="20231103 19:10:25.474"/>
</kw>
<status status="PASS" starttime="20231103 19:10:24.197" endtime="20231103 19:10:25.474"/>
</kw>
<kw name="Close Browser" library="SeleniumLibrary" type="TEARDOWN">
<doc>Closes the current browser.</doc>
<status status="PASS" starttime="20231103 19:10:25.474" endtime="20231103 19:10:25.561"/>
</kw>
<status status="PASS" starttime="20231103 19:10:18.515" endtime="20231103 19:10:25.561"/>
</test>
<test id="s1-s1-s1-t3" name="Se connecter à Instagram nom d'utilisateur invalide" line="22">
<kw name="Aller sur la page Instagram" library="InstagramPage" type="SETUP">
<kw name="Open Browser" library="SeleniumLibrary">
<arg>${Datas.UrlInsta}</arg>
<arg>chrome</arg>
<doc>Opens a new browser instance to the optional ``url``.</doc>
<msg timestamp="20231103 19:10:25.564" level="INFO">Opening browser 'chrome' to base url 'https://www.instagram.com/accounts/login/?hl=fr'.</msg>
<status status="PASS" starttime="20231103 19:10:25.563" endtime="20231103 19:10:28.125"/>
</kw>
<kw name="Maximize Browser Window" library="SeleniumLibrary">
<doc>Maximizes current browser window.</doc>
<status status="PASS" starttime="20231103 19:10:28.125" endtime="20231103 19:10:28.732"/>
</kw>
<kw name="Set Selenium Implicit Wait" library="SeleniumLibrary">
<arg>15s</arg>
<doc>Sets the implicit wait value used by Selenium.</doc>
<status status="PASS" starttime="20231103 19:10:28.732" endtime="20231103 19:10:28.734"/>
</kw>
<kw name="Click Element" library="SeleniumLibrary">
<arg>${PLocaters.AccepterCookies}</arg>
<doc>Click the element identified by ``locator``.</doc>
<msg timestamp="20231103 19:10:28.735" level="INFO">Clicking element 'xpath=//button[text()='Autoriser tous les cookies']'.</msg>
<status status="PASS" starttime="20231103 19:10:28.734" endtime="20231103 19:10:28.789"/>
</kw>
<status status="PASS" starttime="20231103 19:10:25.563" endtime="20231103 19:10:28.789"/>
</kw>
<kw name="Vérifier Que Vous etes Sur La Page Instagram" library="InstagramPage">
<kw name="Element Should Contain" library="SeleniumLibrary">
<arg>${PLocaters.btnSeconnectterFace}</arg>
<arg>${Datas.expectedTextSeConnecterFace}</arg>
<doc>Verifies that element ``locator`` contains text ``expected``.</doc>
<msg timestamp="20231103 19:10:28.810" level="INFO">Element 'css=._ab37' contains text 'Se connecter avec Facebook'.</msg>
<status status="PASS" starttime="20231103 19:10:28.790" endtime="20231103 19:10:28.810"/>
</kw>
<kw name="Element Should Contain" library="SeleniumLibrary">
<arg>${PLocaters.btnInscription}</arg>
<arg>${Datas.expectedTextInscription}</arg>
<doc>Verifies that element ``locator`` contains text ``expected``.</doc>
<msg timestamp="20231103 19:10:28.824" level="INFO">Element 'css=._aacl._aaco._aacw._aad0._aad7' contains text 'Inscrivez-vous'.</msg>
<status status="PASS" starttime="20231103 19:10:28.810" endtime="20231103 19:10:28.824"/>
</kw>
<status status="PASS" starttime="20231103 19:10:28.789" endtime="20231103 19:10:28.824"/>
</kw>
<kw name="Entrer le nom d'utilisateur invalide" library="InstagramPage">
<kw name="Input Text" library="SeleniumLibrary">
<arg>${PLocaters.placeNomDeUtilasateur}</arg>
<arg>${Datas.invalidNomDeUtilisateur}</arg>
<doc>Types the given ``text`` into the text field identified by ``locator``.</doc>
<msg timestamp="20231103 19:10:28.826" level="INFO">Typing text 'hmamsdfs@gmail.com' into text field 'css=input[name='username']'.</msg>
<status status="PASS" starttime="20231103 19:10:28.825" endtime="20231103 19:10:29.034"/>
</kw>
<kw name="Input Text" library="SeleniumLibrary">
<arg>${Plocaters.placePassword}</arg>
<arg>${Datas.Password}</arg>
<doc>Types the given ``text`` into the text field identified by ``locator``.</doc>
<msg timestamp="20231103 19:10:29.035" level="INFO">Typing text 'PayLead' into text field 'css=input[name='password']'.</msg>
<status status="PASS" starttime="20231103 19:10:29.034" endtime="20231103 19:10:29.113"/>
</kw>
<kw name="Sleep" library="BuiltIn">
<arg>2s</arg>
<doc>Pauses the test executed for the given time.</doc>
<msg timestamp="20231103 19:10:31.116" level="INFO">Slept 2 seconds</msg>
<status status="PASS" starttime="20231103 19:10:29.113" endtime="20231103 19:10:31.116"/>
</kw>
<kw name="Click Element" library="SeleniumLibrary">
<arg>${PLocaters.btnSeconnectter}</arg>
<doc>Click the element identified by ``locator``.</doc>
<msg timestamp="20231103 19:10:31.117" level="INFO">Clicking element 'xpath=//button[@type='submit']'.</msg>
<status status="PASS" starttime="20231103 19:10:31.116" endtime="20231103 19:10:31.175"/>
</kw>
<status status="PASS" starttime="20231103 19:10:28.824" endtime="20231103 19:10:31.175"/>
</kw>
<kw name="Vérifier le message d'erreur pour le nom d'utilisateur invalide" library="InstagramPage">
<kw name="Get Text" library="SeleniumLibrary">
<var>${actual_textInvalideNom}</var>
<arg>${PLocaters.MessageNomDeUtilisateurIncorrect}</arg>
<doc>Returns the text value of the element identified by ``locator``.</doc>
<msg timestamp="20231103 19:10:31.601" level="INFO">${actual_textInvalideNom} = Désolé, votre mot de passe est incorrect. Veuillez vérifier votre mot de passe.</msg>
<status status="PASS" starttime="20231103 19:10:31.176" endtime="20231103 19:10:31.601"/>
</kw>
<kw name="Should Be Equal" library="BuiltIn">
<arg>${actual_textInvalideNom}</arg>
<arg>${Datas.expectedTextPourIncorrectNomDeUtilisateur}</arg>
<doc>Fails if the given objects are unequal.</doc>
<status status="PASS" starttime="20231103 19:10:31.601" endtime="20231103 19:10:31.601"/>
</kw>
<status status="PASS" starttime="20231103 19:10:31.176" endtime="20231103 19:10:31.601"/>
</kw>
<kw name="Close Browser" library="SeleniumLibrary" type="TEARDOWN">
<doc>Closes the current browser.</doc>
<status status="PASS" starttime="20231103 19:10:31.601" endtime="20231103 19:10:31.705"/>
</kw>
<status status="PASS" starttime="20231103 19:10:25.562" endtime="20231103 19:10:31.705"/>
</test>
<test id="s1-s1-s1-t4" name="Essaye de te connecter avec un nom d'utilisateur et un mot de passe vides" line="27">
<kw name="Aller sur la page Instagram" library="InstagramPage" type="SETUP">
<kw name="Open Browser" library="SeleniumLibrary">
<arg>${Datas.UrlInsta}</arg>
<arg>chrome</arg>
<doc>Opens a new browser instance to the optional ``url``.</doc>
<msg timestamp="20231103 19:10:31.707" level="INFO">Opening browser 'chrome' to base url 'https://www.instagram.com/accounts/login/?hl=fr'.</msg>
<status status="PASS" starttime="20231103 19:10:31.706" endtime="20231103 19:10:34.239"/>
</kw>
<kw name="Maximize Browser Window" library="SeleniumLibrary">
<doc>Maximizes current browser window.</doc>
<status status="PASS" starttime="20231103 19:10:34.240" endtime="20231103 19:10:34.739"/>
</kw>
<kw name="Set Selenium Implicit Wait" library="SeleniumLibrary">
<arg>15s</arg>
<doc>Sets the implicit wait value used by Selenium.</doc>
<status status="PASS" starttime="20231103 19:10:34.739" endtime="20231103 19:10:34.740"/>
</kw>
<kw name="Click Element" library="SeleniumLibrary">
<arg>${PLocaters.AccepterCookies}</arg>
<doc>Click the element identified by ``locator``.</doc>
<msg timestamp="20231103 19:10:34.741" level="INFO">Clicking element 'xpath=//button[text()='Autoriser tous les cookies']'.</msg>
<status status="PASS" starttime="20231103 19:10:34.740" endtime="20231103 19:10:34.813"/>
</kw>
<status status="PASS" starttime="20231103 19:10:31.706" endtime="20231103 19:10:34.813"/>
</kw>
<kw name="Vérifier Que Vous etes Sur La Page Instagram" library="InstagramPage">
<kw name="Element Should Contain" library="SeleniumLibrary">
<arg>${PLocaters.btnSeconnectterFace}</arg>
<arg>${Datas.expectedTextSeConnecterFace}</arg>
<doc>Verifies that element ``locator`` contains text ``expected``.</doc>
<msg timestamp="20231103 19:10:34.834" level="INFO">Element 'css=._ab37' contains text 'Se connecter avec Facebook'.</msg>
<status status="PASS" starttime="20231103 19:10:34.814" endtime="20231103 19:10:34.834"/>
</kw>
<kw name="Element Should Contain" library="SeleniumLibrary">
<arg>${PLocaters.btnInscription}</arg>
<arg>${Datas.expectedTextInscription}</arg>
<doc>Verifies that element ``locator`` contains text ``expected``.</doc>
<msg timestamp="20231103 19:10:34.852" level="INFO">Element 'css=._aacl._aaco._aacw._aad0._aad7' contains text 'Inscrivez-vous'.</msg>
<status status="PASS" starttime="20231103 19:10:34.834" endtime="20231103 19:10:34.852"/>
</kw>
<status status="PASS" starttime="20231103 19:10:34.814" endtime="20231103 19:10:34.852"/>
</kw>
<kw name="Laisser et Vérifier les champs d'utilisateur et de mot de passe vides" library="InstagramPage">
<kw name="Get Text" library="SeleniumLibrary">
<var>${element_textUsername}</var>
<arg>${PLocaters.placeNomDeUtilasateur}</arg>
<doc>Returns the text value of the element identified by ``locator``.</doc>
<msg timestamp="20231103 19:10:34.866" level="INFO">${element_textUsername} = </msg>
<status status="PASS" starttime="20231103 19:10:34.852" endtime="20231103 19:10:34.866"/>
</kw>
<kw name="Should Be Empty" library="BuiltIn">
<arg>${element_textUsername}</arg>
<doc>Verifies that the given item is empty.</doc>
<msg timestamp="20231103 19:10:34.867" level="INFO">Length is 0</msg>
<status status="PASS" starttime="20231103 19:10:34.867" endtime="20231103 19:10:34.867"/>
</kw>
<kw name="Get Text" library="SeleniumLibrary">
<var>${element_textPassword}</var>
<arg>${Plocaters.placePassword}</arg>
<doc>Returns the text value of the element identified by ``locator``.</doc>
<msg timestamp="20231103 19:10:34.883" level="INFO">${element_textPassword} = </msg>
<status status="PASS" starttime="20231103 19:10:34.867" endtime="20231103 19:10:34.883"/>
</kw>
<kw name="Should Be Empty" library="BuiltIn">
<arg>${element_textPassword}</arg>
<doc>Verifies that the given item is empty.</doc>
<msg timestamp="20231103 19:10:34.883" level="INFO">Length is 0</msg>
<status status="PASS" starttime="20231103 19:10:34.883" endtime="20231103 19:10:34.883"/>
</kw>
<status status="PASS" starttime="20231103 19:10:34.852" endtime="20231103 19:10:34.883"/>
</kw>
<kw name="Close Browser" library="SeleniumLibrary" type="TEARDOWN">
<doc>Closes the current browser.</doc>
<status status="PASS" starttime="20231103 19:10:34.883" endtime="20231103 19:10:34.964"/>
</kw>
<status status="PASS" starttime="20231103 19:10:31.706" endtime="20231103 19:10:34.964"/>
</test>
<status status="PASS" starttime="20231103 19:10:07.904" endtime="20231103 19:10:34.965"/>
</suite>
<status status="PASS" starttime="20231103 19:10:07.903" endtime="20231103 19:10:34.967"/>
</suite>
<status status="PASS" starttime="20231103 19:10:07.886" endtime="20231103 19:10:34.968"/>
</suite>
<statistics>
<total>
<stat pass="4" fail="0" skip="0">All Tests</stat>
</total>
<tag>
</tag>
<suite>
<stat pass="4" fail="0" skip="0" id="s1" name="InstagramRobot">InstagramRobot</stat>
<stat pass="4" fail="0" skip="0" id="s1-s1" name="Tests">InstagramRobot.Tests</stat>
<stat pass="4" fail="0" skip="0" id="s1-s1-s1" name="InstagramTests">InstagramRobot.Tests.InstagramTests</stat>
</suite>
</statistics>
<errors>
</errors>
</robot>
