<?xml version="1.0" encoding="UTF-8"?>
<robot generator="Robot 6.1.1 (Python 3.12.0 on darwin)" generated="20231102 23:56:53.951" rpa="false" schemaversion="4">
<suite id="s1" name="InstagramRobot" source="/Users/macbook/IdeaProjects/InstagramRobot">
<suite id="s1-s1" name="Tests" source="/Users/macbook/IdeaProjects/InstagramRobot/tests">
<suite id="s1-s1-s1" name="InstagramTests" source="/Users/macbook/IdeaProjects/InstagramRobot/tests/InstagramTests.robot">
<test id="s1-s1-s1-t1" name="Essaye de te connecter avec un nom d'utilisateur et un mot de passe vides" line="27">
<kw name="Aller sur la page Instagram" library="InstagramPage" type="SETUP">
<kw name="Open Browser" library="SeleniumLibrary">
<arg>${Datas.UrlInsta}</arg>
<arg>chrome</arg>
<doc>Opens a new browser instance to the optional ``url``.</doc>
<msg timestamp="20231102 23:56:54.106" level="INFO">Opening browser 'chrome' to base url 'https://www.instagram.com/accounts/login/?hl=fr'.</msg>
<status status="PASS" starttime="20231102 23:56:54.105" endtime="20231102 23:56:56.593"/>
</kw>
<kw name="Maximize Browser Window" library="SeleniumLibrary">
<doc>Maximizes current browser window.</doc>
<status status="PASS" starttime="20231102 23:56:56.594" endtime="20231102 23:56:57.073"/>
</kw>
<kw name="Set Selenium Implicit Wait" library="SeleniumLibrary">
<arg>15s</arg>
<doc>Sets the implicit wait value used by Selenium.</doc>
<status status="PASS" starttime="20231102 23:56:57.073" endtime="20231102 23:56:57.075"/>
</kw>
<kw name="Click Element" library="SeleniumLibrary">
<arg>${PLocaters.AccepterCookies}</arg>
<doc>Click the element identified by ``locator``.</doc>
<msg timestamp="20231102 23:56:57.076" level="INFO">Clicking element 'xpath=//button[text()='Autoriser tous les cookies']'.</msg>
<status status="PASS" starttime="20231102 23:56:57.075" endtime="20231102 23:56:57.126"/>
</kw>
<status status="PASS" starttime="20231102 23:56:54.104" endtime="20231102 23:56:57.126"/>
</kw>
<kw name="Vérifier Que Vous etes Sur La Page Instagram" library="InstagramPage">
<kw name="Element Should Contain" library="SeleniumLibrary">
<arg>${PLocaters.btnSeconnectterFace}</arg>
<arg>${Datas.expectedTextSeConnecterFace}</arg>
<doc>Verifies that element ``locator`` contains text ``expected``.</doc>
<msg timestamp="20231102 23:56:57.145" level="INFO">Element 'css=._ab37' contains text 'Se connecter avec Facebook'.</msg>
<status status="PASS" starttime="20231102 23:56:57.127" endtime="20231102 23:56:57.146"/>
</kw>
<kw name="Element Should Contain" library="SeleniumLibrary">
<arg>${PLocaters.btnInscription}</arg>
<arg>${Datas.expectedTextInscription}</arg>
<doc>Verifies that element ``locator`` contains text ``expected``.</doc>
<msg timestamp="20231102 23:56:57.161" level="INFO">Element 'css=._aacl._aaco._aacw._aad0._aad7' contains text 'Inscrivez-vous'.</msg>
<status status="PASS" starttime="20231102 23:56:57.146" endtime="20231102 23:56:57.161"/>
</kw>
<status status="PASS" starttime="20231102 23:56:57.127" endtime="20231102 23:56:57.161"/>
</kw>
<kw name="Laisser et Vérifier les champs d'utilisateur et de mot de passe vides" library="InstagramPage">
<kw name="Get Text" library="SeleniumLibrary">
<var>${element_textUsername}</var>
<arg>${PLocaters.placeNomDeUtilasateur}</arg>
<doc>Returns the text value of the element identified by ``locator``.</doc>
<msg timestamp="20231102 23:56:57.176" level="INFO">${element_textUsername} = </msg>
<status status="PASS" starttime="20231102 23:56:57.161" endtime="20231102 23:56:57.176"/>
</kw>
<kw name="Should Be Empty" library="BuiltIn">
<arg>${element_textUsername}</arg>
<doc>Verifies that the given item is empty.</doc>
<msg timestamp="20231102 23:56:57.177" level="INFO">Length is 0</msg>
<status status="PASS" starttime="20231102 23:56:57.177" endtime="20231102 23:56:57.177"/>
</kw>
<kw name="Get Text" library="SeleniumLibrary">
<var>${element_textPassword}</var>
<arg>${Plocaters.placePassword}</arg>
<doc>Returns the text value of the element identified by ``locator``.</doc>
<msg timestamp="20231102 23:56:57.192" level="INFO">${element_textPassword} = </msg>
<status status="PASS" starttime="20231102 23:56:57.177" endtime="20231102 23:56:57.192"/>
</kw>
<kw name="Should Be Empty" library="BuiltIn">
<arg>${element_textPassword}</arg>
<doc>Verifies that the given item is empty.</doc>
<msg timestamp="20231102 23:56:57.193" level="INFO">Length is 0</msg>
<status status="PASS" starttime="20231102 23:56:57.192" endtime="20231102 23:56:57.193"/>
</kw>
<status status="PASS" starttime="20231102 23:56:57.161" endtime="20231102 23:56:57.193"/>
</kw>
<kw name="Close Browser" library="SeleniumLibrary" type="TEARDOWN">
<doc>Closes the current browser.</doc>
<status status="PASS" starttime="20231102 23:56:57.193" endtime="20231102 23:56:57.272"/>
</kw>
<status status="PASS" starttime="20231102 23:56:54.104" endtime="20231102 23:56:57.272"/>
</test>
<status status="PASS" starttime="20231102 23:56:53.970" endtime="20231102 23:56:57.273"/>
</suite>
<status status="PASS" starttime="20231102 23:56:53.969" endtime="20231102 23:56:57.274"/>
</suite>
<status status="PASS" starttime="20231102 23:56:53.952" endtime="20231102 23:56:57.275"/>
</suite>
<statistics>
<total>
<stat pass="1" fail="0" skip="0">All Tests</stat>
</total>
<tag>
</tag>
<suite>
<stat pass="1" fail="0" skip="0" id="s1" name="InstagramRobot">InstagramRobot</stat>
<stat pass="1" fail="0" skip="0" id="s1-s1" name="Tests">InstagramRobot.Tests</stat>
<stat pass="1" fail="0" skip="0" id="s1-s1-s1" name="InstagramTests">InstagramRobot.Tests.InstagramTests</stat>
</suite>
</statistics>
<errors>
</errors>
</robot>
