<?xml version="1.0" encoding="UTF-8"?>
<robot generator="Robot 6.1.1 (Python 3.12.0 on darwin)" generated="20231103 00:09:35.740" rpa="false" schemaversion="4">
<suite id="s1" name="InstagramRobot" source="/Users/macbook/IdeaProjects/InstagramRobot">
<suite id="s1-s1" name="Tests" source="/Users/macbook/IdeaProjects/InstagramRobot/tests">
<suite id="s1-s1-s1" name="InstagramTests" source="/Users/macbook/IdeaProjects/InstagramRobot/tests/InstagramTests.robot">
<test id="s1-s1-s1-t1" name="Essaye de te connecter avec un nom d'utilisateur et un mot de passe vides" line="27">
<kw name="Aller sur la page Instagram" library="InstagramPage" type="SETUP">
<kw name="Open Browser" library="SeleniumLibrary">
<arg>${Datas.UrlInsta}</arg>
<arg>chrome</arg>
<doc>Opens a new browser instance to the optional ``url``.</doc>
<msg timestamp="20231103 00:09:35.899" level="INFO">Opening browser 'chrome' to base url 'https://www.instagram.com/accounts/login/?hl=fr'.</msg>
<status status="PASS" starttime="20231103 00:09:35.899" endtime="20231103 00:09:38.333"/>
</kw>
<kw name="Maximize Browser Window" library="SeleniumLibrary">
<doc>Maximizes current browser window.</doc>
<status status="PASS" starttime="20231103 00:09:38.333" endtime="20231103 00:09:38.790"/>
</kw>
<kw name="Set Selenium Implicit Wait" library="SeleniumLibrary">
<arg>15s</arg>
<doc>Sets the implicit wait value used by Selenium.</doc>
<status status="PASS" starttime="20231103 00:09:38.790" endtime="20231103 00:09:38.791"/>
</kw>
<kw name="Click Element" library="SeleniumLibrary">
<arg>${PLocaters.AccepterCookies}</arg>
<doc>Click the element identified by ``locator``.</doc>
<msg timestamp="20231103 00:09:38.793" level="INFO">Clicking element 'xpath=//button[text()='Autoriser tous les cookies']'.</msg>
<status status="PASS" starttime="20231103 00:09:38.791" endtime="20231103 00:09:38.844"/>
</kw>
<status status="PASS" starttime="20231103 00:09:35.899" endtime="20231103 00:09:38.844"/>
</kw>
<kw name="Vérifier Que Vous etes Sur La Page Instagram" library="InstagramPage">
<kw name="Element Should Contain" library="SeleniumLibrary">
<arg>${PLocaters.btnSeconnectterFace}</arg>
<arg>${Datas.expectedTextSeConnecterFace}</arg>
<doc>Verifies that element ``locator`` contains text ``expected``.</doc>
<msg timestamp="20231103 00:09:38.916" level="INFO">Element 'css=._ab37' contains text 'Se connecter avec Facebook'.</msg>
<status status="PASS" starttime="20231103 00:09:38.845" endtime="20231103 00:09:38.916"/>
</kw>
<kw name="Element Should Contain" library="SeleniumLibrary">
<arg>${PLocaters.btnInscription}</arg>
<arg>${Datas.expectedTextInscription}</arg>
<doc>Verifies that element ``locator`` contains text ``expected``.</doc>
<msg timestamp="20231103 00:09:38.932" level="INFO">Element 'css=._aacl._aaco._aacw._aad0._aad7' contains text 'Inscrivez-vous'.</msg>
<status status="PASS" starttime="20231103 00:09:38.916" endtime="20231103 00:09:38.932"/>
</kw>
<status status="PASS" starttime="20231103 00:09:38.845" endtime="20231103 00:09:38.932"/>
</kw>
<kw name="Laisser et Vérifier les champs d'utilisateur et de mot de passe vides" library="InstagramPage">
<kw name="Get Text" library="SeleniumLibrary">
<var>${element_textUsername}</var>
<arg>${PLocaters.placeNomDeUtilasateur}</arg>
<doc>Returns the text value of the element identified by ``locator``.</doc>
<msg timestamp="20231103 00:09:38.948" level="INFO">${element_textUsername} = </msg>
<status status="PASS" starttime="20231103 00:09:38.933" endtime="20231103 00:09:38.948"/>
</kw>
<kw name="Should Be Empty" library="BuiltIn">
<arg>${element_textUsername}</arg>
<doc>Verifies that the given item is empty.</doc>
<msg timestamp="20231103 00:09:38.948" level="INFO">Length is 0</msg>
<status status="PASS" starttime="20231103 00:09:38.948" endtime="20231103 00:09:38.948"/>
</kw>
<kw name="Get Text" library="SeleniumLibrary">
<var>${element_textPassword}</var>
<arg>${Plocaters.placePassword}</arg>
<doc>Returns the text value of the element identified by ``locator``.</doc>
<msg timestamp="20231103 00:09:38.962" level="INFO">${element_textPassword} = </msg>
<status status="PASS" starttime="20231103 00:09:38.948" endtime="20231103 00:09:38.962"/>
</kw>
<kw name="Should Be Empty" library="BuiltIn">
<arg>${element_textPassword}</arg>
<doc>Verifies that the given item is empty.</doc>
<msg timestamp="20231103 00:09:38.962" level="INFO">Length is 0</msg>
<status status="PASS" starttime="20231103 00:09:38.962" endtime="20231103 00:09:38.962"/>
</kw>
<status status="PASS" starttime="20231103 00:09:38.932" endtime="20231103 00:09:38.962"/>
</kw>
<kw name="Close Browser" library="SeleniumLibrary" type="TEARDOWN">
<doc>Closes the current browser.</doc>
<status status="PASS" starttime="20231103 00:09:38.962" endtime="20231103 00:09:39.103"/>
</kw>
<status status="PASS" starttime="20231103 00:09:35.898" endtime="20231103 00:09:39.103"/>
</test>
<status status="PASS" starttime="20231103 00:09:35.758" endtime="20231103 00:09:39.104"/>
</suite>
<status status="PASS" starttime="20231103 00:09:35.758" endtime="20231103 00:09:39.105"/>
</suite>
<status status="PASS" starttime="20231103 00:09:35.741" endtime="20231103 00:09:39.106"/>
</suite>
<statistics>
<total>
<stat pass="1" fail="0" skip="0">All Tests</stat>
</total>
<tag>
</tag>
<suite>
<stat pass="1" fail="0" skip="0" id="s1" name="InstagramRobot">InstagramRobot</stat>
<stat pass="1" fail="0" skip="0" id="s1-s1" name="Tests">InstagramRobot.Tests</stat>
<stat pass="1" fail="0" skip="0" id="s1-s1-s1" name="InstagramTests">InstagramRobot.Tests.InstagramTests</stat>
</suite>
</statistics>
<errors>
</errors>
</robot>
