<?xml version="1.0" encoding="UTF-8"?>
<robot generator="Robot 6.1.1 (Python 3.12.0 on darwin)" generated="20231031 23:04:38.830" rpa="false" schemaversion="4">
<suite id="s1" name="PayLeadRobot" source="/Users/macbook/IdeaProjects/PayLeadRobot">
<suite id="s1-s1" name="Tests" source="/Users/macbook/IdeaProjects/PayLeadRobot/tests">
<suite id="s1-s1-s1" name="InstagramTests" source="/Users/macbook/IdeaProjects/PayLeadRobot/tests/InstagramTests.robot">
<test id="s1-s1-s1-t1" name="Se connecter à Instagram avec succès" line="12">
<kw name="Aller sur la page Instagram" library="InstagramPage" type="SETUP">
<kw name="Open Browser" library="SeleniumLibrary">
<arg>${Datas.UrlInsta}</arg>
<arg>chrome</arg>
<doc>Opens a new browser instance to the optional ``url``.</doc>
<msg timestamp="20231031 23:04:38.980" level="INFO">Opening browser 'chrome' to base url 'https://www.instagram.com/accounts/login/?hl=fr'.</msg>
<status status="PASS" starttime="20231031 23:04:38.980" endtime="20231031 23:04:41.502"/>
</kw>
<kw name="Maximize Browser Window" library="SeleniumLibrary">
<doc>Maximizes current browser window.</doc>
<status status="PASS" starttime="20231031 23:04:41.503" endtime="20231031 23:04:42.106"/>
</kw>
<kw name="Set Selenium Implicit Wait" library="SeleniumLibrary">
<arg>15s</arg>
<doc>Sets the implicit wait value used by Selenium.</doc>
<status status="PASS" starttime="20231031 23:04:42.106" endtime="20231031 23:04:42.107"/>
</kw>
<kw name="Click Element" library="SeleniumLibrary">
<arg>${PLocaters.AccepterCookies}</arg>
<doc>Click the element identified by ``locator``.</doc>
<msg timestamp="20231031 23:04:42.109" level="INFO">Clicking element 'xpath=//button[text()='Autoriser tous les cookies']'.</msg>
<status status="PASS" starttime="20231031 23:04:42.107" endtime="20231031 23:04:42.347"/>
</kw>
<status status="PASS" starttime="20231031 23:04:38.980" endtime="20231031 23:04:42.347"/>
</kw>
<kw name="Vérifier Que Vous etes Sur La Page Instagram" library="InstagramPage">
<kw name="Element Should Contain" library="SeleniumLibrary">
<arg>${PLocaters.btnSeconnectterFace}</arg>
<arg>${Datas.expectedTextSeConnecterFace}</arg>
<doc>Verifies that element ``locator`` contains text ``expected``.</doc>
<msg timestamp="20231031 23:04:42.368" level="INFO">Element 'css=._ab37' contains text 'Se connecter avec Facebook'.</msg>
<status status="PASS" starttime="20231031 23:04:42.348" endtime="20231031 23:04:42.368"/>
</kw>
<kw name="Element Should Contain" library="SeleniumLibrary">
<arg>${PLocaters.btnInscription}</arg>
<arg>${Datas.expectedTextInscription}</arg>
<doc>Verifies that element ``locator`` contains text ``expected``.</doc>
<msg timestamp="20231031 23:04:42.384" level="INFO">Element 'css=._aacl._aaco._aacw._aad0._aad7' contains text 'Inscrivez-vous'.</msg>
<status status="PASS" starttime="20231031 23:04:42.368" endtime="20231031 23:04:42.384"/>
</kw>
<status status="PASS" starttime="20231031 23:04:42.348" endtime="20231031 23:04:42.384"/>
</kw>
<kw name="Entrer le nom d'utilisateur et le mot de passe" library="InstagramPage">
<kw name="Input Text" library="SeleniumLibrary">
<arg>${PLocaters.placeNomDeUtilasateur}</arg>
<arg>${Datas.Email}</arg>
<doc>Types the given ``text`` into the text field identified by ``locator``.</doc>
<msg timestamp="20231031 23:04:42.385" level="INFO">Typing text 'playhakanqa@outlook.com' into text field 'css=input[name='username']'.</msg>
<status status="PASS" starttime="20231031 23:04:42.384" endtime="20231031 23:04:42.582"/>
</kw>
<kw name="Input Text" library="SeleniumLibrary">
<arg>${Plocaters.placePassword}</arg>
<arg>${Datas.Password}</arg>
<doc>Types the given ``text`` into the text field identified by ``locator``.</doc>
<msg timestamp="20231031 23:04:42.583" level="INFO">Typing text 'PayLead' into text field 'css=input[name='password']'.</msg>
<status status="PASS" starttime="20231031 23:04:42.582" endtime="20231031 23:04:42.671"/>
</kw>
<kw name="Sleep" library="BuiltIn">
<arg>1s</arg>
<doc>Pauses the test executed for the given time.</doc>
<msg timestamp="20231031 23:04:43.672" level="INFO">Slept 1 second</msg>
<status status="PASS" starttime="20231031 23:04:42.671" endtime="20231031 23:04:43.672"/>
</kw>
<kw name="Click Element" library="SeleniumLibrary">
<arg>${PLocaters.btnSeconnectter}</arg>
<doc>Click the element identified by ``locator``.</doc>
<msg timestamp="20231031 23:04:43.674" level="INFO">Clicking element 'xpath=//button[@type='submit']'.</msg>
<status status="PASS" starttime="20231031 23:04:43.672" endtime="20231031 23:04:43.873"/>
</kw>
<status status="PASS" starttime="20231031 23:04:42.384" endtime="20231031 23:04:43.873"/>
</kw>
<kw name="Vérifier avec succès que la page Instagram a été connectée" library="InstagramPage">
<kw name="Element Should Contain" library="SeleniumLibrary">
<arg>${Plocaters.btnAccueil}</arg>
<arg>Accueil</arg>
<doc>Verifies that element ``locator`` contains text ``expected``.</doc>
<msg timestamp="20231031 23:04:48.172" level="INFO">Element 'xpath=//span[contains(text(),'Accueil')]' contains text 'Accueil'.</msg>
<status status="PASS" starttime="20231031 23:04:43.873" endtime="20231031 23:04:48.172"/>
</kw>
<status status="PASS" starttime="20231031 23:04:43.873" endtime="20231031 23:04:48.172"/>
</kw>
<kw name="Close Browser" library="SeleniumLibrary" type="TEARDOWN">
<doc>Closes the current browser.</doc>
<status status="PASS" starttime="20231031 23:04:48.173" endtime="20231031 23:04:48.272"/>
</kw>
<status status="PASS" starttime="20231031 23:04:38.979" endtime="20231031 23:04:48.273"/>
</test>
<test id="s1-s1-s1-t2" name="Se connecter à Instagram mot de passe invalide" line="17">
<kw name="Aller sur la page Instagram" library="InstagramPage" type="SETUP">
<kw name="Open Browser" library="SeleniumLibrary">
<arg>${Datas.UrlInsta}</arg>
<arg>chrome</arg>
<doc>Opens a new browser instance to the optional ``url``.</doc>
<msg timestamp="20231031 23:04:48.274" level="INFO">Opening browser 'chrome' to base url 'https://www.instagram.com/accounts/login/?hl=fr'.</msg>
<status status="PASS" starttime="20231031 23:04:48.274" endtime="20231031 23:04:50.725"/>
</kw>
<kw name="Maximize Browser Window" library="SeleniumLibrary">
<doc>Maximizes current browser window.</doc>
<status status="PASS" starttime="20231031 23:04:50.725" endtime="20231031 23:04:51.210"/>
</kw>
<kw name="Set Selenium Implicit Wait" library="SeleniumLibrary">
<arg>15s</arg>
<doc>Sets the implicit wait value used by Selenium.</doc>
<status status="PASS" starttime="20231031 23:04:51.210" endtime="20231031 23:04:51.211"/>
</kw>
<kw name="Click Element" library="SeleniumLibrary">
<arg>${PLocaters.AccepterCookies}</arg>
<doc>Click the element identified by ``locator``.</doc>
<msg timestamp="20231031 23:04:51.213" level="INFO">Clicking element 'xpath=//button[text()='Autoriser tous les cookies']'.</msg>
<status status="PASS" starttime="20231031 23:04:51.211" endtime="20231031 23:04:51.264"/>
</kw>
<status status="PASS" starttime="20231031 23:04:48.273" endtime="20231031 23:04:51.265"/>
</kw>
<kw name="Vérifier Que Vous etes Sur La Page Instagram" library="InstagramPage">
<kw name="Element Should Contain" library="SeleniumLibrary">
<arg>${PLocaters.btnSeconnectterFace}</arg>
<arg>${Datas.expectedTextSeConnecterFace}</arg>
<doc>Verifies that element ``locator`` contains text ``expected``.</doc>
<msg timestamp="20231031 23:04:51.284" level="INFO">Element 'css=._ab37' contains text 'Se connecter avec Facebook'.</msg>
<status status="PASS" starttime="20231031 23:04:51.265" endtime="20231031 23:04:51.284"/>
</kw>
<kw name="Element Should Contain" library="SeleniumLibrary">
<arg>${PLocaters.btnInscription}</arg>
<arg>${Datas.expectedTextInscription}</arg>
<doc>Verifies that element ``locator`` contains text ``expected``.</doc>
<msg timestamp="20231031 23:04:51.298" level="INFO">Element 'css=._aacl._aaco._aacw._aad0._aad7' contains text 'Inscrivez-vous'.</msg>
<status status="PASS" starttime="20231031 23:04:51.284" endtime="20231031 23:04:51.298"/>
</kw>
<status status="PASS" starttime="20231031 23:04:51.265" endtime="20231031 23:04:51.299"/>
</kw>
<kw name="Entrer le dot de passe invalide" library="InstagramPage">
<kw name="Input Text" library="SeleniumLibrary">
<arg>${PLocaters.placeNomDeUtilasateur}</arg>
<arg>${Datas.Email}</arg>
<doc>Types the given ``text`` into the text field identified by ``locator``.</doc>
<msg timestamp="20231031 23:04:51.300" level="INFO">Typing text 'playhakanqa@outlook.com' into text field 'css=input[name='username']'.</msg>
<status status="PASS" starttime="20231031 23:04:51.299" endtime="20231031 23:04:51.536"/>
</kw>
<kw name="Input Text" library="SeleniumLibrary">
<arg>${Plocaters.placePassword}</arg>
<arg>${Datas.invalidPassword}</arg>
<doc>Types the given ``text`` into the text field identified by ``locator``.</doc>
<msg timestamp="20231031 23:04:51.537" level="INFO">Typing text '578687rsfs' into text field 'css=input[name='password']'.</msg>
<status status="PASS" starttime="20231031 23:04:51.536" endtime="20231031 23:04:51.625"/>
</kw>
<kw name="Sleep" library="BuiltIn">
<arg>2s</arg>
<doc>Pauses the test executed for the given time.</doc>
<msg timestamp="20231031 23:04:53.627" level="INFO">Slept 2 seconds</msg>
<status status="PASS" starttime="20231031 23:04:51.626" endtime="20231031 23:04:53.627"/>
</kw>
<kw name="Click Element" library="SeleniumLibrary">
<arg>${PLocaters.btnSeconnectter}</arg>
<doc>Click the element identified by ``locator``.</doc>
<msg timestamp="20231031 23:04:53.629" level="INFO">Clicking element 'xpath=//button[@type='submit']'.</msg>
<status status="PASS" starttime="20231031 23:04:53.628" endtime="20231031 23:04:53.690"/>
</kw>
<status status="PASS" starttime="20231031 23:04:51.299" endtime="20231031 23:04:53.690"/>
</kw>
<kw name="Vérifier le message d'erreur pour le mot de passe" library="InstagramPage">
<kw name="Get Text" library="SeleniumLibrary">
<var>${actual_textIncorrectPassword}</var>
<arg>${PLocaters.MessageMotDePasseIncorrect}</arg>
<doc>Returns the text value of the element identified by ``locator``.</doc>
<msg timestamp="20231031 23:04:54.468" level="INFO">${actual_textIncorrectPassword} = Votre mot de passe est incorrect. Veuillez le vérifier.</msg>
<status status="PASS" starttime="20231031 23:04:53.690" endtime="20231031 23:04:54.468"/>
</kw>
<kw name="Should Be Equal" library="BuiltIn">
<arg>${actual_textIncorrectPassword}</arg>
<arg>${Datas.expectedTextPourIncorrectPassword}</arg>
<doc>Fails if the given objects are unequal.</doc>
<status status="PASS" starttime="20231031 23:04:54.468" endtime="20231031 23:04:54.469"/>
</kw>
<status status="PASS" starttime="20231031 23:04:53.690" endtime="20231031 23:04:54.469"/>
</kw>
<kw name="Close Browser" library="SeleniumLibrary" type="TEARDOWN">
<doc>Closes the current browser.</doc>
<status status="PASS" starttime="20231031 23:04:54.469" endtime="20231031 23:04:54.622"/>
</kw>
<status status="PASS" starttime="20231031 23:04:48.273" endtime="20231031 23:04:54.622"/>
</test>
<test id="s1-s1-s1-t3" name="Se connecter à Instagram nom d'utilisateur invalide" line="22">
<kw name="Aller sur la page Instagram" library="InstagramPage" type="SETUP">
<kw name="Open Browser" library="SeleniumLibrary">
<arg>${Datas.UrlInsta}</arg>
<arg>chrome</arg>
<doc>Opens a new browser instance to the optional ``url``.</doc>
<msg timestamp="20231031 23:04:54.624" level="INFO">Opening browser 'chrome' to base url 'https://www.instagram.com/accounts/login/?hl=fr'.</msg>
<status status="PASS" starttime="20231031 23:04:54.623" endtime="20231031 23:04:57.174"/>
</kw>
<kw name="Maximize Browser Window" library="SeleniumLibrary">
<doc>Maximizes current browser window.</doc>
<status status="PASS" starttime="20231031 23:04:57.174" endtime="20231031 23:04:57.674"/>
</kw>
<kw name="Set Selenium Implicit Wait" library="SeleniumLibrary">
<arg>15s</arg>
<doc>Sets the implicit wait value used by Selenium.</doc>
<status status="PASS" starttime="20231031 23:04:57.674" endtime="20231031 23:04:57.675"/>
</kw>
<kw name="Click Element" library="SeleniumLibrary">
<arg>${PLocaters.AccepterCookies}</arg>
<doc>Click the element identified by ``locator``.</doc>
<msg timestamp="20231031 23:04:57.676" level="INFO">Clicking element 'xpath=//button[text()='Autoriser tous les cookies']'.</msg>
<status status="PASS" starttime="20231031 23:04:57.676" endtime="20231031 23:04:57.732"/>
</kw>
<status status="PASS" starttime="20231031 23:04:54.623" endtime="20231031 23:04:57.732"/>
</kw>
<kw name="Vérifier Que Vous etes Sur La Page Instagram" library="InstagramPage">
<kw name="Element Should Contain" library="SeleniumLibrary">
<arg>${PLocaters.btnSeconnectterFace}</arg>
<arg>${Datas.expectedTextSeConnecterFace}</arg>
<doc>Verifies that element ``locator`` contains text ``expected``.</doc>
<msg timestamp="20231031 23:04:57.754" level="INFO">Element 'css=._ab37' contains text 'Se connecter avec Facebook'.</msg>
<status status="PASS" starttime="20231031 23:04:57.733" endtime="20231031 23:04:57.755"/>
</kw>
<kw name="Element Should Contain" library="SeleniumLibrary">
<arg>${PLocaters.btnInscription}</arg>
<arg>${Datas.expectedTextInscription}</arg>
<doc>Verifies that element ``locator`` contains text ``expected``.</doc>
<msg timestamp="20231031 23:04:57.769" level="INFO">Element 'css=._aacl._aaco._aacw._aad0._aad7' contains text 'Inscrivez-vous'.</msg>
<status status="PASS" starttime="20231031 23:04:57.755" endtime="20231031 23:04:57.769"/>
</kw>
<status status="PASS" starttime="20231031 23:04:57.732" endtime="20231031 23:04:57.769"/>
</kw>
<kw name="Entrer le nom d'utilisateur invalide" library="InstagramPage">
<kw name="Input Text" library="SeleniumLibrary">
<arg>${PLocaters.placeNomDeUtilasateur}</arg>
<arg>${Datas.invalidNomDeUtilisateur}</arg>
<doc>Types the given ``text`` into the text field identified by ``locator``.</doc>
<msg timestamp="20231031 23:04:57.770" level="INFO">Typing text 'hmamsdfs@gmail.com' into text field 'css=input[name='username']'.</msg>
<status status="PASS" starttime="20231031 23:04:57.770" endtime="20231031 23:04:57.991"/>
</kw>
<kw name="Input Text" library="SeleniumLibrary">
<arg>${Plocaters.placePassword}</arg>
<arg>${Datas.Password}</arg>
<doc>Types the given ``text`` into the text field identified by ``locator``.</doc>
<msg timestamp="20231031 23:04:57.992" level="INFO">Typing text 'PayLead' into text field 'css=input[name='password']'.</msg>
<status status="PASS" starttime="20231031 23:04:57.991" endtime="20231031 23:04:58.081"/>
</kw>
<kw name="Sleep" library="BuiltIn">
<arg>2s</arg>
<doc>Pauses the test executed for the given time.</doc>
<msg timestamp="20231031 23:05:00.083" level="INFO">Slept 2 seconds</msg>
<status status="PASS" starttime="20231031 23:04:58.081" endtime="20231031 23:05:00.083"/>
</kw>
<kw name="Click Element" library="SeleniumLibrary">
<arg>${PLocaters.btnSeconnectter}</arg>
<doc>Click the element identified by ``locator``.</doc>
<msg timestamp="20231031 23:05:00.084" level="INFO">Clicking element 'xpath=//button[@type='submit']'.</msg>
<status status="PASS" starttime="20231031 23:05:00.083" endtime="20231031 23:05:00.156"/>
</kw>
<status status="PASS" starttime="20231031 23:04:57.769" endtime="20231031 23:05:00.156"/>
</kw>
<kw name="Vérifier le message d'erreur pour le nom d'utilisateur invalide" library="InstagramPage">
<kw name="Get Text" library="SeleniumLibrary">
<var>${actual_textInvalideNom}</var>
<arg>${PLocaters.MessageNomDeUtilisateurIncorrect}</arg>
<doc>Returns the text value of the element identified by ``locator``.</doc>
<msg timestamp="20231031 23:05:00.584" level="INFO">${actual_textInvalideNom} = Désolé, votre mot de passe est incorrect. Veuillez vérifier votre mot de passe.</msg>
<status status="PASS" starttime="20231031 23:05:00.156" endtime="20231031 23:05:00.584"/>
</kw>
<kw name="Should Be Equal" library="BuiltIn">
<arg>${actual_textInvalideNom}</arg>
<arg>${Datas.expectedTextPourIncorrectNomDeUtilisateur}</arg>
<doc>Fails if the given objects are unequal.</doc>
<status status="PASS" starttime="20231031 23:05:00.584" endtime="20231031 23:05:00.585"/>
</kw>
<status status="PASS" starttime="20231031 23:05:00.156" endtime="20231031 23:05:00.585"/>
</kw>
<kw name="Close Browser" library="SeleniumLibrary" type="TEARDOWN">
<doc>Closes the current browser.</doc>
<status status="PASS" starttime="20231031 23:05:00.585" endtime="20231031 23:05:00.683"/>
</kw>
<status status="PASS" starttime="20231031 23:04:54.622" endtime="20231031 23:05:00.683"/>
</test>
<status status="PASS" starttime="20231031 23:04:38.851" endtime="20231031 23:05:00.683"/>
</suite>
<status status="PASS" starttime="20231031 23:04:38.850" endtime="20231031 23:05:00.685"/>
</suite>
<status status="PASS" starttime="20231031 23:04:38.832" endtime="20231031 23:05:00.686"/>
</suite>
<statistics>
<total>
<stat pass="3" fail="0" skip="0">All Tests</stat>
</total>
<tag>
</tag>
<suite>
<stat pass="3" fail="0" skip="0" id="s1" name="PayLeadRobot">PayLeadRobot</stat>
<stat pass="3" fail="0" skip="0" id="s1-s1" name="Tests">PayLeadRobot.Tests</stat>
<stat pass="3" fail="0" skip="0" id="s1-s1-s1" name="InstagramTests">PayLeadRobot.Tests.InstagramTests</stat>
</suite>
</statistics>
<errors>
</errors>
</robot>
