<?xml version="1.0" encoding="UTF-8"?>
<robot generator="Robot 6.1.1 (Python 3.12.0 on darwin)" generated="20231030 17:14:54.548" rpa="false" schemaversion="4">
<suite id="s1" name="PayLeadRobot" source="/Users/macbook/IdeaProjects/PayLeadRobot">
<suite id="s1-s1" name="Tests" source="/Users/macbook/IdeaProjects/PayLeadRobot/tests">
<suite id="s1-s1-s1" name="PayLeadTests" source="/Users/macbook/IdeaProjects/PayLeadRobot/tests/PayLeadTests.robot">
<test id="s1-s1-s1-t1" name="Aller dans l'onglet banque" line="11">
<kw name="Aller sur la page Instagram" library="PayLeadPage" type="SETUP">
<kw name="Open Browser" library="SeleniumLibrary">
<arg>${Datas.UrlInsta}</arg>
<arg>chrome</arg>
<doc>Opens a new browser instance to the optional ``url``.</doc>
<msg timestamp="20231030 17:14:54.693" level="INFO">Opening browser 'chrome' to base url 'https://www.instagram.com/accounts/login/?hl=fr'.</msg>
<status status="PASS" starttime="20231030 17:14:54.692" endtime="20231030 17:14:57.168"/>
</kw>
<kw name="Maximize Browser Window" library="SeleniumLibrary">
<doc>Maximizes current browser window.</doc>
<status status="PASS" starttime="20231030 17:14:57.168" endtime="20231030 17:14:57.662"/>
</kw>
<kw name="Set Selenium Implicit Wait" library="SeleniumLibrary">
<arg>15s</arg>
<doc>Sets the implicit wait value used by Selenium.</doc>
<status status="PASS" starttime="20231030 17:14:57.663" endtime="20231030 17:14:57.664"/>
</kw>
<kw name="Click Element" library="SeleniumLibrary">
<arg>${PLocaters.AccepterCookies}</arg>
<doc>Click the element identified by ``locator``.</doc>
<msg timestamp="20231030 17:14:57.665" level="INFO">Clicking element 'xpath=//button[text()='Autoriser tous les cookies']'.</msg>
<status status="PASS" starttime="20231030 17:14:57.664" endtime="20231030 17:14:57.740"/>
</kw>
<status status="PASS" starttime="20231030 17:14:54.692" endtime="20231030 17:14:57.740"/>
</kw>
<kw name="Vérifier Que Vous etes Sur La Page Instagram" library="PayLeadPage">
<kw name="Element Should Contain" library="SeleniumLibrary">
<arg>${PLocaters.btnSeconnectterFace}</arg>
<arg>${Datas.expectedTextSeConnecterFace}</arg>
<doc>Verifies that element ``locator`` contains text ``expected``.</doc>
<msg timestamp="20231030 17:14:57.763" level="INFO">Element 'css=._ab37' contains text 'Se connecter avec Facebook'.</msg>
<status status="PASS" starttime="20231030 17:14:57.741" endtime="20231030 17:14:57.763"/>
</kw>
<kw name="Element Should Contain" library="SeleniumLibrary">
<arg>${PLocaters.btnInscription}</arg>
<arg>${Datas.expectedTextInscription}</arg>
<doc>Verifies that element ``locator`` contains text ``expected``.</doc>
<msg timestamp="20231030 17:14:57.778" level="INFO">Element 'css=._aacl._aaco._aacw._aad0._aad7' contains text 'Inscrivez-vous'.</msg>
<status status="PASS" starttime="20231030 17:14:57.763" endtime="20231030 17:14:57.778"/>
</kw>
<status status="PASS" starttime="20231030 17:14:57.740" endtime="20231030 17:14:57.778"/>
</kw>
<kw name="Entrer le nom d'utilisateur et le mot de passe" library="PayLeadPage">
<kw name="Input Text" library="SeleniumLibrary">
<arg>${PLocaters.placeNomDeUtilasateur}</arg>
<arg>${Datas.Email}</arg>
<doc>Types the given ``text`` into the text field identified by ``locator``.</doc>
<msg timestamp="20231030 17:14:57.779" level="INFO">Typing text 'playhakanqa@outlook.com' into text field 'css=input[name='username']'.</msg>
<status status="PASS" starttime="20231030 17:14:57.778" endtime="20231030 17:14:58.007"/>
</kw>
<kw name="Input Text" library="SeleniumLibrary">
<arg>${Plocaters.placePassword}</arg>
<arg>${Datas.Password}</arg>
<doc>Types the given ``text`` into the text field identified by ``locator``.</doc>
<msg timestamp="20231030 17:14:58.009" level="INFO">Typing text 'PayLead' into text field 'css=input[name='password']'.</msg>
<status status="PASS" starttime="20231030 17:14:58.008" endtime="20231030 17:14:58.084"/>
</kw>
<kw name="Sleep" library="BuiltIn">
<arg>1s</arg>
<doc>Pauses the test executed for the given time.</doc>
<msg timestamp="20231030 17:14:59.085" level="INFO">Slept 1 second</msg>
<status status="PASS" starttime="20231030 17:14:58.084" endtime="20231030 17:14:59.085"/>
</kw>
<kw name="Click Element" library="SeleniumLibrary">
<arg>${PLocaters.btnSeconnectter}</arg>
<doc>Click the element identified by ``locator``.</doc>
<msg timestamp="20231030 17:14:59.086" level="INFO">Clicking element 'xpath=//button[@type='submit']'.</msg>
<status status="PASS" starttime="20231030 17:14:59.085" endtime="20231030 17:14:59.153"/>
</kw>
<status status="PASS" starttime="20231030 17:14:57.778" endtime="20231030 17:14:59.153"/>
</kw>
<kw name="Vérifier avec succès que la page Instagram a été connectée" library="PayLeadPage">
<kw name="Element Should Contain" library="SeleniumLibrary">
<arg>${Plocaters.btnAccueil}</arg>
<arg>Accueil</arg>
<doc>Verifies that element ``locator`` contains text ``expected``.</doc>
<msg timestamp="20231030 17:15:05.076" level="INFO">Element 'xpath=//span[contains(text(),'Accueil')]' contains text 'Accueil'.</msg>
<status status="PASS" starttime="20231030 17:14:59.153" endtime="20231030 17:15:05.076"/>
</kw>
<status status="PASS" starttime="20231030 17:14:59.153" endtime="20231030 17:15:05.076"/>
</kw>
<status status="PASS" starttime="20231030 17:14:54.692" endtime="20231030 17:15:05.076"/>
</test>
<status status="PASS" starttime="20231030 17:14:54.566" endtime="20231030 17:15:05.077"/>
</suite>
<status status="PASS" starttime="20231030 17:14:54.565" endtime="20231030 17:15:05.078"/>
</suite>
<status status="PASS" starttime="20231030 17:14:54.549" endtime="20231030 17:15:05.079"/>
</suite>
<statistics>
<total>
<stat pass="1" fail="0" skip="0">All Tests</stat>
</total>
<tag>
</tag>
<suite>
<stat pass="1" fail="0" skip="0" id="s1" name="PayLeadRobot">PayLeadRobot</stat>
<stat pass="1" fail="0" skip="0" id="s1-s1" name="Tests">PayLeadRobot.Tests</stat>
<stat pass="1" fail="0" skip="0" id="s1-s1-s1" name="PayLeadTests">PayLeadRobot.Tests.PayLeadTests</stat>
</suite>
</statistics>
<errors>
</errors>
</robot>
