<?xml version="1.0" encoding="UTF-8"?>
<robot generator="Robot 6.1.1 (Python 3.12.0 on darwin)" generated="20231103 00:32:34.257" rpa="false" schemaversion="4">
<suite id="s1" name="InstagramRobot" source="/Users/macbook/IdeaProjects/InstagramRobot">
<suite id="s1-s1" name="Tests" source="/Users/macbook/IdeaProjects/InstagramRobot/tests">
<suite id="s1-s1-s1" name="InstagramTests" source="/Users/macbook/IdeaProjects/InstagramRobot/tests/InstagramTests.robot">
<test id="s1-s1-s1-t1" name="Se connecter à Instagram avec succès" line="12">
<kw name="Aller sur la page Instagram" library="InstagramPage" type="SETUP">
<kw name="Open Browser" library="SeleniumLibrary">
<arg>${Datas.UrlInsta}</arg>
<arg>--headless --disable-gpu --disable-setuid-sandbox --no-sandbox</arg>
<doc>Opens a new browser instance to the optional ``url``.</doc>
<msg timestamp="20231103 00:32:34.407" level="INFO">Opening browser '--headless --disable-gpu --disable-setuid-sandbox --no-sandbox' to base url 'https://www.instagram.com/accounts/login/?hl=fr'.</msg>
<msg timestamp="20231103 00:32:34.407" level="INFO">Cannot capture screenshot because no browser is open.</msg>
<msg timestamp="20231103 00:32:34.407" level="FAIL">ValueError: --headless--disable-gpu--disable-setuid-sandbox--no-sandbox is not a supported browser.</msg>
<status status="FAIL" starttime="20231103 00:32:34.406" endtime="20231103 00:32:34.411"/>
</kw>
<kw name="Maximize Browser Window" library="SeleniumLibrary">
<doc>Maximizes current browser window.</doc>
<status status="NOT RUN" starttime="20231103 00:32:34.411" endtime="20231103 00:32:34.411"/>
</kw>
<kw name="Set Selenium Implicit Wait" library="SeleniumLibrary">
<arg>15s</arg>
<doc>Sets the implicit wait value used by Selenium.</doc>
<status status="NOT RUN" starttime="20231103 00:32:34.411" endtime="20231103 00:32:34.412"/>
</kw>
<kw name="Click Element" library="SeleniumLibrary">
<arg>${PLocaters.AccepterCookies}</arg>
<doc>Click the element identified by ``locator``.</doc>
<status status="NOT RUN" starttime="20231103 00:32:34.412" endtime="20231103 00:32:34.412"/>
</kw>
<status status="FAIL" starttime="20231103 00:32:34.406" endtime="20231103 00:32:34.412"/>
</kw>
<kw name="Close Browser" library="SeleniumLibrary" type="TEARDOWN">
<doc>Closes the current browser.</doc>
<status status="PASS" starttime="20231103 00:32:34.412" endtime="20231103 00:32:34.412"/>
</kw>
<status status="FAIL" starttime="20231103 00:32:34.406" endtime="20231103 00:32:34.412">Setup failed:
ValueError: --headless--disable-gpu--disable-setuid-sandbox--no-sandbox is not a supported browser.</status>
</test>
<test id="s1-s1-s1-t2" name="Se connecter à Instagram mot de passe invalide" line="17">
<kw name="Aller sur la page Instagram" library="InstagramPage" type="SETUP">
<kw name="Open Browser" library="SeleniumLibrary">
<arg>${Datas.UrlInsta}</arg>
<arg>--headless --disable-gpu --disable-setuid-sandbox --no-sandbox</arg>
<doc>Opens a new browser instance to the optional ``url``.</doc>
<msg timestamp="20231103 00:32:34.414" level="INFO">Opening browser '--headless --disable-gpu --disable-setuid-sandbox --no-sandbox' to base url 'https://www.instagram.com/accounts/login/?hl=fr'.</msg>
<msg timestamp="20231103 00:32:34.414" level="INFO">Cannot capture screenshot because no browser is open.</msg>
<msg timestamp="20231103 00:32:34.414" level="FAIL">ValueError: --headless--disable-gpu--disable-setuid-sandbox--no-sandbox is not a supported browser.</msg>
<status status="FAIL" starttime="20231103 00:32:34.413" endtime="20231103 00:32:34.414"/>
</kw>
<kw name="Maximize Browser Window" library="SeleniumLibrary">
<doc>Maximizes current browser window.</doc>
<status status="NOT RUN" starttime="20231103 00:32:34.414" endtime="20231103 00:32:34.414"/>
</kw>
<kw name="Set Selenium Implicit Wait" library="SeleniumLibrary">
<arg>15s</arg>
<doc>Sets the implicit wait value used by Selenium.</doc>
<status status="NOT RUN" starttime="20231103 00:32:34.414" endtime="20231103 00:32:34.414"/>
</kw>
<kw name="Click Element" library="SeleniumLibrary">
<arg>${PLocaters.AccepterCookies}</arg>
<doc>Click the element identified by ``locator``.</doc>
<status status="NOT RUN" starttime="20231103 00:32:34.414" endtime="20231103 00:32:34.414"/>
</kw>
<status status="FAIL" starttime="20231103 00:32:34.413" endtime="20231103 00:32:34.414"/>
</kw>
<kw name="Close Browser" library="SeleniumLibrary" type="TEARDOWN">
<doc>Closes the current browser.</doc>
<status status="PASS" starttime="20231103 00:32:34.415" endtime="20231103 00:32:34.415"/>
</kw>
<status status="FAIL" starttime="20231103 00:32:34.412" endtime="20231103 00:32:34.415">Setup failed:
ValueError: --headless--disable-gpu--disable-setuid-sandbox--no-sandbox is not a supported browser.</status>
</test>
<test id="s1-s1-s1-t3" name="Se connecter à Instagram nom d'utilisateur invalide" line="22">
<kw name="Aller sur la page Instagram" library="InstagramPage" type="SETUP">
<kw name="Open Browser" library="SeleniumLibrary">
<arg>${Datas.UrlInsta}</arg>
<arg>--headless --disable-gpu --disable-setuid-sandbox --no-sandbox</arg>
<doc>Opens a new browser instance to the optional ``url``.</doc>
<msg timestamp="20231103 00:32:34.416" level="INFO">Opening browser '--headless --disable-gpu --disable-setuid-sandbox --no-sandbox' to base url 'https://www.instagram.com/accounts/login/?hl=fr'.</msg>
<msg timestamp="20231103 00:32:34.416" level="INFO">Cannot capture screenshot because no browser is open.</msg>
<msg timestamp="20231103 00:32:34.416" level="FAIL">ValueError: --headless--disable-gpu--disable-setuid-sandbox--no-sandbox is not a supported browser.</msg>
<status status="FAIL" starttime="20231103 00:32:34.415" endtime="20231103 00:32:34.416"/>
</kw>
<kw name="Maximize Browser Window" library="SeleniumLibrary">
<doc>Maximizes current browser window.</doc>
<status status="NOT RUN" starttime="20231103 00:32:34.417" endtime="20231103 00:32:34.417"/>
</kw>
<kw name="Set Selenium Implicit Wait" library="SeleniumLibrary">
<arg>15s</arg>
<doc>Sets the implicit wait value used by Selenium.</doc>
<status status="NOT RUN" starttime="20231103 00:32:34.417" endtime="20231103 00:32:34.417"/>
</kw>
<kw name="Click Element" library="SeleniumLibrary">
<arg>${PLocaters.AccepterCookies}</arg>
<doc>Click the element identified by ``locator``.</doc>
<status status="NOT RUN" starttime="20231103 00:32:34.417" endtime="20231103 00:32:34.417"/>
</kw>
<status status="FAIL" starttime="20231103 00:32:34.415" endtime="20231103 00:32:34.417"/>
</kw>
<kw name="Close Browser" library="SeleniumLibrary" type="TEARDOWN">
<doc>Closes the current browser.</doc>
<status status="PASS" starttime="20231103 00:32:34.417" endtime="20231103 00:32:34.417"/>
</kw>
<status status="FAIL" starttime="20231103 00:32:34.415" endtime="20231103 00:32:34.417">Setup failed:
ValueError: --headless--disable-gpu--disable-setuid-sandbox--no-sandbox is not a supported browser.</status>
</test>
<test id="s1-s1-s1-t4" name="Essaye de te connecter avec un nom d'utilisateur et un mot de passe vides" line="27">
<kw name="Aller sur la page Instagram" library="InstagramPage" type="SETUP">
<kw name="Open Browser" library="SeleniumLibrary">
<arg>${Datas.UrlInsta}</arg>
<arg>--headless --disable-gpu --disable-setuid-sandbox --no-sandbox</arg>
<doc>Opens a new browser instance to the optional ``url``.</doc>
<msg timestamp="20231103 00:32:34.418" level="INFO">Opening browser '--headless --disable-gpu --disable-setuid-sandbox --no-sandbox' to base url 'https://www.instagram.com/accounts/login/?hl=fr'.</msg>
<msg timestamp="20231103 00:32:34.418" level="INFO">Cannot capture screenshot because no browser is open.</msg>
<msg timestamp="20231103 00:32:34.418" level="FAIL">ValueError: --headless--disable-gpu--disable-setuid-sandbox--no-sandbox is not a supported browser.</msg>
<status status="FAIL" starttime="20231103 00:32:34.418" endtime="20231103 00:32:34.419"/>
</kw>
<kw name="Maximize Browser Window" library="SeleniumLibrary">
<doc>Maximizes current browser window.</doc>
<status status="NOT RUN" starttime="20231103 00:32:34.419" endtime="20231103 00:32:34.419"/>
</kw>
<kw name="Set Selenium Implicit Wait" library="SeleniumLibrary">
<arg>15s</arg>
<doc>Sets the implicit wait value used by Selenium.</doc>
<status status="NOT RUN" starttime="20231103 00:32:34.419" endtime="20231103 00:32:34.419"/>
</kw>
<kw name="Click Element" library="SeleniumLibrary">
<arg>${PLocaters.AccepterCookies}</arg>
<doc>Click the element identified by ``locator``.</doc>
<status status="NOT RUN" starttime="20231103 00:32:34.419" endtime="20231103 00:32:34.419"/>
</kw>
<status status="FAIL" starttime="20231103 00:32:34.418" endtime="20231103 00:32:34.419"/>
</kw>
<kw name="Close Browser" library="SeleniumLibrary" type="TEARDOWN">
<doc>Closes the current browser.</doc>
<status status="PASS" starttime="20231103 00:32:34.419" endtime="20231103 00:32:34.419"/>
</kw>
<status status="FAIL" starttime="20231103 00:32:34.417" endtime="20231103 00:32:34.419">Setup failed:
ValueError: --headless--disable-gpu--disable-setuid-sandbox--no-sandbox is not a supported browser.</status>
</test>
<status status="FAIL" starttime="20231103 00:32:34.276" endtime="20231103 00:32:34.420"/>
</suite>
<status status="FAIL" starttime="20231103 00:32:34.275" endtime="20231103 00:32:34.420"/>
</suite>
<status status="FAIL" starttime="20231103 00:32:34.258" endtime="20231103 00:32:34.421"/>
</suite>
<statistics>
<total>
<stat pass="0" fail="4" skip="0">All Tests</stat>
</total>
<tag>
</tag>
<suite>
<stat pass="0" fail="4" skip="0" id="s1" name="InstagramRobot">InstagramRobot</stat>
<stat pass="0" fail="4" skip="0" id="s1-s1" name="Tests">InstagramRobot.Tests</stat>
<stat pass="0" fail="4" skip="0" id="s1-s1-s1" name="InstagramTests">InstagramRobot.Tests.InstagramTests</stat>
</suite>
</statistics>
<errors>
</errors>
</robot>
