<?xml version="1.0" encoding="UTF-8"?>
<robot generator="Robot 6.1.1 (Python 3.9.6 on darwin)" generated="20231029 18:55:41.117" rpa="false" schemaversion="4">
<suite id="s1" name="PayLeadTests" source="/Users/macbook/IdeaProjects/PayLeadRobot/tests/PayLeadTests.robot">
<test id="s1-t1" name="Aller dans l'onglet banque" line="11">
<kw name="Aller sur la page PayLead" library="PayLeadPage" type="SETUP">
<kw name="Open Browser">
<arg>${Datas.UrlPayLead}</arg>
<arg>chrome</arg>
<msg timestamp="20231029 18:55:41.194" level="FAIL">No keyword with name 'Open Browser' found.</msg>
<status status="FAIL" starttime="20231029 18:55:41.194" endtime="20231029 18:55:41.194"/>
</kw>
<kw name="Maximize Browser Window">
<status status="NOT RUN" starttime="20231029 18:55:41.197" endtime="20231029 18:55:41.197"/>
</kw>
<kw name="Set Selenium Implicit Wait">
<arg>15s</arg>
<status status="NOT RUN" starttime="20231029 18:55:41.200" endtime="20231029 18:55:41.200"/>
</kw>
<status status="FAIL" starttime="20231029 18:55:41.191" endtime="20231029 18:55:41.200"/>
</kw>
<status status="FAIL" starttime="20231029 18:55:41.190" endtime="20231029 18:55:41.200">Setup failed:
No keyword with name 'Open Browser' found.</status>
</test>
<status status="FAIL" starttime="20231029 18:55:41.138" endtime="20231029 18:55:41.201"/>
</suite>
<statistics>
<total>
<stat pass="0" fail="1" skip="0">All Tests</stat>
</total>
<tag>
</tag>
<suite>
<stat pass="0" fail="1" skip="0" id="s1" name="PayLeadTests">PayLeadTests</stat>
</suite>
</statistics>
<errors>
<msg timestamp="20231029 18:55:41.164" level="ERROR">Error in file '/Users/macbook/IdeaProjects/PayLeadRobot/tests/PayLeadTests.robot' on line 2: Importing library 'SeleniumLibrary' failed: ModuleNotFoundError: No module named 'SeleniumLibrary'
Traceback (most recent call last):
  None
PYTHONPATH:
  /Users/macbook/Library/Application Support/JetBrains/IntelliJIdea2023.2/plugins/robotframework-intellij/lib/robotframework_debug_adapter
  /Users/macbook/IdeaProjects/PayLeadRobot
  /Users/macbook/Library/Application Support/JetBrains/IntelliJIdea2023.2/plugins/robotframework-intellij/lib
  /Users/macbook/Library/Application Support/JetBrains/IntelliJIdea2023.2/plugins/robotframework-intellij/lib/robotframework_ls/vendored
  /Applications/Xcode.app/Contents/Developer/Library/Frameworks/Python3.framework/Versions/3.9/lib/python39.zip
  /Applications/Xcode.app/Contents/Developer/Library/Frameworks/Python3.framework/Versions/3.9/lib/python3.9
  /Applications/Xcode.app/Contents/Developer/Library/Frameworks/Python3.framework/Versions/3.9/lib/python3.9/lib-dynload
  /Users/macbook/Library/Python/3.9/lib/python/site-packages
  /Applications/Xcode.app/Contents/Developer/Library/Frameworks/Python3.framework/Versions/3.9/lib/python3.9/site-packages</msg>
<msg timestamp="20231029 18:55:41.170" level="ERROR">Error in file '/Users/macbook/IdeaProjects/PayLeadRobot/pages/PayLeadPage.robot' on line 2: Importing library 'SeleniumLibrary' failed: ModuleNotFoundError: No module named 'SeleniumLibrary'
Traceback (most recent call last):
  None
PYTHONPATH:
  /Users/macbook/Library/Application Support/JetBrains/IntelliJIdea2023.2/plugins/robotframework-intellij/lib/robotframework_debug_adapter
  /Users/macbook/IdeaProjects/PayLeadRobot
  /Users/macbook/Library/Application Support/JetBrains/IntelliJIdea2023.2/plugins/robotframework-intellij/lib
  /Users/macbook/Library/Application Support/JetBrains/IntelliJIdea2023.2/plugins/robotframework-intellij/lib/robotframework_ls/vendored
  /Applications/Xcode.app/Contents/Developer/Library/Frameworks/Python3.framework/Versions/3.9/lib/python39.zip
  /Applications/Xcode.app/Contents/Developer/Library/Frameworks/Python3.framework/Versions/3.9/lib/python3.9
  /Applications/Xcode.app/Contents/Developer/Library/Frameworks/Python3.framework/Versions/3.9/lib/python3.9/lib-dynload
  /Users/macbook/Library/Python/3.9/lib/python/site-packages
  /Applications/Xcode.app/Contents/Developer/Library/Frameworks/Python3.framework/Versions/3.9/lib/python3.9/site-packages</msg>
</errors>
</robot>
